<?xml version="1.0" encoding="UTF-8"?>
<testng-results skipped="0" failed="0" ignored="0" total="1" passed="1">
  <reporter-output>
    <line>
      <![CDATA[Test testPerDetails_MyInfo is Pass]]>
    </line>
  </reporter-output>
  <suite name="Default suite" duration-ms="25744" started-at="2020-12-01T01:53:29 IST" finished-at="2020-12-01T01:53:54 IST">
    <groups>
    </groups>
    <test name="Default test" duration-ms="25744" started-at="2020-12-01T01:53:29 IST" finished-at="2020-12-01T01:53:54 IST">
      <class name="com.app.ohrm.Testscript.PersonalDetailsTest">
        <test-method status="PASS" signature="setupReport()[pri:0, instance:com.app.ohrm.Testscript.PersonalDetailsTest@1d29cf23]" name="setupReport" is-config="true" duration-ms="226" started-at="2020-12-01T01:53:28 IST" finished-at="2020-12-01T01:53:29 IST">
          <reporter-output>
          </reporter-output>
        </test-method> <!-- setupReport -->
        <test-method status="PASS" signature="OpenApp()[pri:0, instance:com.app.ohrm.Testscript.PersonalDetailsTest@1d29cf23]" name="OpenApp" is-config="true" duration-ms="8656" started-at="2020-12-01T01:53:29 IST" finished-at="2020-12-01T01:53:37 IST">
          <reporter-output>
          </reporter-output>
        </test-method> <!-- OpenApp -->
        <test-method status="PASS" signature="testPerDetails_MyInfo()[pri:0, instance:com.app.ohrm.Testscript.PersonalDetailsTest@1d29cf23]" name="testPerDetails_MyInfo" duration-ms="17040" started-at="2020-12-01T01:53:37 IST" finished-at="2020-12-01T01:53:54 IST">
          <reporter-output>
          </reporter-output>
        </test-method> <!-- testPerDetails_MyInfo -->
        <test-method status="PASS" signature="closeApp2(org.testng.ITestResult)[pri:0, instance:com.app.ohrm.Testscript.PersonalDetailsTest@1d29cf23]" name="closeApp2" is-config="true" duration-ms="4" started-at="2020-12-01T01:53:54 IST" finished-at="2020-12-01T01:53:54 IST">
          <params>
            <param index="0">
              <value>
                <![CDATA[[TestResult name=testPerDetails_MyInfo status=SUCCESS method=PersonalDetailsTest.testPerDetails_MyInfo()[pri:0, instance:com.app.ohrm.Testscript.PersonalDetailsTest@1d29cf23] output={null}]]]>
              </value>
            </param>
          </params>
          <reporter-output>
            <line>
              <![CDATA[Test testPerDetails_MyInfo is Pass]]>
            </line>
          </reporter-output>
        </test-method> <!-- closeApp2 -->
        <test-method status="PASS" signature="endReport()[pri:0, instance:com.app.ohrm.Testscript.PersonalDetailsTest@1d29cf23]" name="endReport" is-config="true" duration-ms="0" started-at="2020-12-01T01:53:54 IST" finished-at="2020-12-01T01:53:54 IST">
          <reporter-output>
          </reporter-output>
        </test-method> <!-- endReport -->
      </class> <!-- com.app.ohrm.Testscript.PersonalDetailsTest -->
    </test> <!-- Default test -->
  </suite> <!-- Default suite -->
</testng-results>
